C51 COMPILER V9.60.7.0   KEYPAD                                                            09/25/2024 11:40:16 PAGE 1   


C51 COMPILER V9.60.7.0, COMPILATION OF MODULE KEYPAD
OBJECT MODULE PLACED IN .\Objects\KEYPAD.obj
COMPILER INVOKED BY: C:\Keil_v5\C51\BIN\C51.EXE KEYPAD.c OPTIMIZE(8,SPEED) BROWSE DEBUG OBJECTEXTEND PRINT(.\Listings\KE
                    -YPAD.lst) TABS(2) OBJECT(.\Objects\KEYPAD.obj)

line level    source

   1          #include <reg51.h>
   2          #include "LCD.h"
   3          #include "KEYPAD.h"
   4          
   5          
   6          
   7          
   8          
   9          unsigned char counter =0;
  10          
  11          sbit C4=P1^0;
  12          sbit C3=P1^1;
  13          sbit C2=P1^2;
  14          sbit C1=P1^3;
  15          sbit R4=P1^4;
  16          sbit R3=P1^5;
  17          sbit R2=P1^6;
  18          sbit R1=P1^7;
  19          //char key  = '\0' ;
  20          void Beep (unsigned int duration)
  21          {
  22   1        //To convert passive Buzzer into Active Buzzer we Generate Crystal frequency through coding.
  23   1        unsigned char i,j,k;
  24   1        for(k=0; k<=duration; k++)
  25   1        {
  26   2          for(i=0; i<250; i++)
  27   2          {
  28   3            R3=0;
  29   3            for(j=0; j<50; j++);
  30   3            R3=1;
  31   3            for(j=0; j<50; j++);
  32   3          }
  33   2           Delay1(500);
  34   2        }
  35   1      }
  36          char keypad ()
  37          {
  38   1         while(1)     
  39   1        {
  40   2        R1=0; R2=1; R3=1; R4=1;            //Ground Row 1,and check coloum
  41   2             if(C1==0)                                         //Ground coloum 1 ,if this button press
  42   2             {  Delay1(2000);
  43   3               while(C1==0)
  44   3                 { Beep(1);  return '7';}
  45   3                 
  46   3             }  
  47   2              
  48   2             if(C2==0)                                      
  49   2             {     Delay1(2000);
  50   3                   while(C2==0)
  51   3                   { Beep(1);return '8';}  
  52   3             }       
  53   2              
  54   2             if(C3==0)
C51 COMPILER V9.60.7.0   KEYPAD                                                            09/25/2024 11:40:16 PAGE 2   

  55   2             {   Delay1(2000); while(C3==0)
  56   3                { Beep(1);return '9';}  
  57   3             }
  58   2             
  59   2             if(C4==0)
  60   2             {    Delay1(2000);
  61   3                while(C4==0)
  62   3                { Beep(1);return '/';} 
  63   3             
  64   3             }
  65   2         
  66   2        R1=1; R2=0; R3=1; R4=1;                             //Ground Row 2,and check coloum 
  67   2             if(C1==0)                                      //Ground coloum 1 ,if this button press
  68   2             {   Delay1(2000);
  69   3                 while(C1==0)
  70   3                { Beep(1);return '4';} 
  71   3      
  72   3      
  73   3             }  //return the Value4, Delay is used for Debouning, while(C1==0) is used that button is detected only
             - once;
  74   2              if(C2==0)
  75   2             {  Delay1(2000);
  76   3                 while(C2==0)
  77   3                { Beep(1);return '5';} 
  78   3             }
  79   2              if(C3==0)
  80   2             {  Delay1(2000);
  81   3               while(C3==0)
  82   3                { Beep(1);return '6';} 
  83   3      
  84   3             }
  85   2              if(C4==0)
  86   2             {  Delay1(2000);
  87   3               while(C4==0)
  88   3                { Beep(1);return '*';}   }
  89   2             
  90   2        R1=1; R2=1; R3=0; R4=1;                               //Ground Row 3,and check coloum
  91   2             if(C1==0)
  92   2             {  Delay1(2000);
  93   3               while(C1==0)
  94   3                { Beep(1);return '1';} 
  95   3      
  96   3             } 
  97   2              if(C2==0)
  98   2             {  Delay1(2000);
  99   3               while(C2==0)
 100   3                { Beep(1);return '2';} 
 101   3             }
 102   2              if(C3==0)
 103   2             {  Delay1(2000);
 104   3               while(C3==0)
 105   3                { Beep(1);return '3';}   
 106   3             }
 107   2              if(C4==0)
 108   2             {  Delay1(2000);
 109   3               while(C4==0)
 110   3                { Beep(1);return '-';}   }
 111   2             
 112   2             
 113   2        R1=1; R2=1; R3=1; R4=0;                               //Ground Row 4,and check coloum
 114   2             if(C1==0)
 115   2             {   Delay1(2000);
C51 COMPILER V9.60.7.0   KEYPAD                                                            09/25/2024 11:40:16 PAGE 3   

 116   3               while (C1 == 0 ) 
 117   3               { Beep(1);  
 118   4                  return 'C';  
 119   4               }
 120   3              
 121   3             } 
 122   2             
 123   2             
 124   2              if(C2==0)
 125   2             {  
 126   3               Delay1(2000);
 127   3               while(C2==0)
 128   3                { Beep(1);return '0';}  
 129   3             
 130   3             }  
 131   2              if(C3==0)
 132   2             {  Delay1(2000);
 133   3                while(C3==0)
 134   3                { Beep(1);return '=';}  
 135   3             }
 136   2              if(C4==0)
 137   2             {   Delay1(2000);
 138   3                 while(C4==0)
 139   3                { Beep(1);return '+';} 
 140   3             }
 141   2         
 142   2         R4=1;
 143   2             
 144   2           }
 145   1      }
 146          char keypad2 ()
 147          {
 148   1        R1=1; R2=1; R3=1; R4=0;
 149   1        if(C1==0)
 150   1        {
 151   2          Delay1(2000);
 152   2          while(C1==0)
 153   2          {
 154   3            Beep(1); return 'C';
 155   3          }
 156   2        }
 157   1        if(C3==0)
 158   1        {
 159   2          Delay1(2000);
 160   2          while(C3==0)
 161   2          {
 162   3            Beep(1); return '=';
 163   3          }
 164   2        }
 165   1        R4=1;
 166   1      }
 167          
 168          //void main ()
 169          //{
 170          //  
 171          //   lcd_init();
 172          
 173          //  while(1)
 174          //  {
 175          ////    lcd_command(0x80);
 176          ////    lcd_string("ENTER THE KEY");
 177          ////  lcd_set_cursor(1, 0);
C51 COMPILER V9.60.7.0   KEYPAD                                                            09/25/2024 11:40:16 PAGE 4   

 178          //  keypad();
 179          //  
 180          
 181          //  }
 182          //}
 183          
 184          
*** WARNING C291 IN LINE 166 OF KEYPAD.c: not every exit path returns a value


MODULE INFORMATION:   STATIC OVERLAYABLE
   CODE SIZE        =    445    ----
   CONSTANT SIZE    =   ----    ----
   XDATA SIZE       =   ----    ----
   PDATA SIZE       =   ----    ----
   DATA SIZE        =      1       3
   IDATA SIZE       =   ----    ----
   BIT SIZE         =   ----    ----
END OF MODULE INFORMATION.


C51 COMPILATION COMPLETE.  1 WARNING(S),  0 ERROR(S)
